<?xml version="1.0" encoding="UTF-8"?>
<!-- Generated by org.testng.reporters.JUnitReportReporter -->
<testsuite hostname="PF4WCFEW" failures="0" tests="1" name="tests.AssignmentLoginPractice" time="17.369" errors="0" timestamp="2025-05-02T14:58:11 IST" skipped="0">
  <testcase classname="tests.AssignmentLoginPractice" name="loginPractice" time="17.369"/>
</testsuite> <!-- tests.AssignmentLoginPractice -->
