<?xml version="1.0" encoding="UTF-8"?>
<!-- Generated by org.testng.reporters.JUnitReportReporter -->
<testsuite hostname="PF4WCFEW" failures="0" tests="1" name="tests.MobileEmulator" time="8.708" errors="0" timestamp="2025-05-02T10:14:22 IST" skipped="0">
  <testcase classname="tests.MobileEmulator" name="CDPTest" time="8.708"/>
</testsuite> <!-- tests.MobileEmulator -->
