<?xml version="1.0" encoding="UTF-8"?>
<!-- Generated by org.testng.reporters.JUnitReportReporter -->
<testsuite hostname="PF4WCFEW" failures="0" tests="1" name="tests.AssignmentAllElements" time="13.600" errors="0" timestamp="2025-05-02T12:59:29 IST" skipped="0">
  <testcase classname="tests.AssignmentAllElements" name="TestAllWebElements" time="13.600"/>
</testsuite> <!-- tests.AssignmentAllElements -->
