<?xml version="1.0" encoding="UTF-8"?>
<!-- Generated by org.testng.reporters.JUnitReportReporter -->
<testsuite hostname="PF4WCFEW" failures="0" tests="1" name="tests.NetworkTest" time="3.800" errors="0" timestamp="2025-05-02T10:20:31 IST" skipped="0">
  <testcase classname="tests.NetworkTest" name="NetworkListenerExample" time="3.800"/>
</testsuite> <!-- tests.NetworkTest -->
