<?xml version="1.0" encoding="UTF-8"?>
<!-- Generated by org.testng.reporters.JUnitReportReporter -->
<testsuite hostname="PF4WCFEW" failures="0" tests="1" name="tests.Capture_InterceptNetwork" time="9.576" errors="0" timestamp="2025-05-02T10:46:23 IST" skipped="0">
  <testcase classname="tests.Capture_InterceptNetwork" name="Capture_UInterceptNetworkTrafficeExample" time="9.576"/>
</testsuite> <!-- tests.Capture_InterceptNetwork -->
