<?xml version="1.0" encoding="UTF-8"?>
<!-- Generated by org.testng.reporters.JUnitReportReporter -->
<testsuite hostname="PF4WCFEW" failures="0" tests="1" name="tests.EmulateNetworkSpeedExample" time="62.750" errors="0" timestamp="2025-05-02T11:04:06 IST" skipped="0">
  <testcase classname="tests.EmulateNetworkSpeedExample" name="EmulateNetworkSpeed" time="62.750"/>
</testsuite> <!-- tests.EmulateNetworkSpeedExample -->
