<?xml version="1.0" encoding="UTF-8"?>
<!-- Generated by org.testng.reporters.JUnitReportReporter -->
<testsuite hostname="PF4WCFEW" failures="0" tests="1" name="tests.WindowAutheticationPopup" time="19.219" errors="0" timestamp="2025-04-28T16:32:43 IST" skipped="0">
  <testcase classname="tests.WindowAutheticationPopup" name="handleWindowAuthenticationPopup" time="19.219"/>
</testsuite> <!-- tests.WindowAutheticationPopup -->
