<?xml version="1.0" encoding="UTF-8"?>
<!-- Generated by org.testng.reporters.JUnitReportReporter -->
<testsuite hostname="PF4WCFEW" failures="0" tests="1" name="tests.GoogleTest" time="19.171" errors="0" timestamp="2025-05-03T11:17:54 IST" skipped="0">
  <testcase classname="tests.GoogleTest" name="HomePageGOOGLE" time="19.171"/>
</testsuite> <!-- tests.GoogleTest -->
