<?xml version="1.0" encoding="UTF-8"?>
<!-- Generated by org.testng.reporters.JUnitReportReporter -->
<testsuite hostname="PF4WCFEW" failures="0" tests="1" name="tests.OptionsCheckBoxTraverse" time="16.676" errors="0" timestamp="2025-05-02T16:13:39 IST" skipped="0">
  <testcase classname="tests.OptionsCheckBoxTraverse" name="optioncheckbox" time="16.676"/>
</testsuite> <!-- tests.OptionsCheckBoxTraverse -->
