<?xml version="1.0" encoding="UTF-8"?>
<!-- Generated by org.testng.reporters.JUnitReportReporter -->
<testsuite hostname="PF4WCFEW" failures="0" tests="1" name="tests.ChildWindowParentWindow" time="18.794" errors="0" timestamp="2025-05-02T15:23:38 IST" skipped="0">
  <testcase classname="tests.ChildWindowParentWindow" name="ChildParentWindowHandling" time="18.794"/>
</testsuite> <!-- tests.ChildWindowParentWindow -->
