<?xml version="1.0" encoding="UTF-8"?>
<!-- Generated by org.testng.reporters.JUnitReportReporter -->
<testsuite hostname="PF4WCFEW" failures="0" tests="1" name="tests.APITest" time="28.840" errors="0" timestamp="2025-04-28T14:20:50 IST" skipped="0">
  <testcase classname="tests.APITest" name="getUserDetails" time="28.840"/>
</testsuite> <!-- tests.APITest -->
