<?xml version="1.0" encoding="UTF-8"?>
<!-- Generated by org.testng.reporters.JUnitReportReporter -->
<testsuite hostname="PF4WCFEW" failures="0" tests="1" name="tests.MySQL_DBTest" time="13.184" errors="0" timestamp="2025-04-24T10:41:25 IST" skipped="0">
  <testcase classname="tests.MySQL_DBTest" name="getDataFromMySQL" time="13.184"/>
</testsuite> <!-- tests.MySQL_DBTest -->
