<?xml version="1.0" encoding="UTF-8"?>
<!-- Generated by org.testng.reporters.JUnitReportReporter -->
<testsuite hostname="PF4WCFEW" failures="0" tests="1" name="tests.BlockNetworkRequestsExample" time="29.685" errors="0" timestamp="2025-05-02T10:51:30 IST" skipped="0">
  <testcase classname="tests.BlockNetworkRequestsExample" name="BlockNetworkRequestsExample" time="29.685"/>
</testsuite> <!-- tests.BlockNetworkRequestsExample -->
