<?xml version="1.0" encoding="UTF-8"?>
<!-- Generated by org.testng.reporters.JUnitReportReporter -->
<testsuite hostname="PF4WCFEW" failures="0" tests="1" name="tests.NestedFramesAssignment" time="17.893" errors="0" timestamp="2025-05-02T15:41:17 IST" skipped="0">
  <testcase classname="tests.NestedFramesAssignment" name="NestedFrames" time="17.893"/>
</testsuite> <!-- tests.NestedFramesAssignment -->
