<?xml version="1.0" encoding="UTF-8"?>
<!-- Generated by org.testng.reporters.JUnitReportReporter -->
<testsuite hostname="PF4WCFEW" failures="0" tests="1" name="tests.standAloneTest" time="17.953" errors="0" timestamp="2025-04-08T17:46:47 IST" skipped="0">
  <testcase classname="tests.standAloneTest" name="SubmitOrder" time="17.953"/>
</testsuite> <!-- tests.standAloneTest -->
