<?xml version="1.0" encoding="UTF-8"?>
<!-- Generated by org.testng.reporters.JUnitReportReporter -->
<testsuite hostname="PF4WCFEW" failures="0" tests="1" name="tests.AutoSuggestions" time="14.850" errors="0" timestamp="2025-05-02T17:14:56 IST" skipped="0">
  <testcase classname="tests.AutoSuggestions" name="AutoSuggestion_India" time="14.850"/>
</testsuite> <!-- tests.AutoSuggestions -->
