<?xml version="1.0" encoding="UTF-8"?>
<!-- Generated by org.testng.reporters.JUnitReportReporter -->
<testsuite hostname="PF4WCFEW" failures="0" tests="4" name="tests.ReuseCode_ExcelUploadDownloadTest" time="53.709" errors="0" timestamp="2025-05-01T17:55:28 IST" skipped="0">
  <testcase classname="tests.ReuseCode_ExcelUploadDownloadTest" name="downloadExcel" time="17.712"/>
  <testcase classname="tests.ReuseCode_ExcelUploadDownloadTest" name="editExcelFile" time="9.180"/>
  <testcase classname="tests.ReuseCode_ExcelUploadDownloadTest" name="uploadExcelFile" time="8.748"/>
  <testcase classname="tests.ReuseCode_ExcelUploadDownloadTest" name="verifyUpdatedValue" time="18.069"/>
</testsuite> <!-- tests.ReuseCode_ExcelUploadDownloadTest -->
