<?xml version="1.0" encoding="UTF-8"?>
<!-- Generated by org.testng.reporters.JUnitReportReporter -->
<testsuite hostname="PF4WCFEW" failures="0" tests="3" name="tests.SubmitOrderTest" time="82.493" errors="0" timestamp="2025-04-16T12:55:24 IST" skipped="0">
  <testcase classname="tests.SubmitOrderTest" name="SubmitOrder" time="32.909"/>
  <testcase classname="tests.SubmitOrderTest" name="OrderHistory" time="17.575"/>
  <testcase classname="tests.SubmitOrderTest" name="SubmitOrder" time="32.009"/>
</testsuite> <!-- tests.SubmitOrderTest -->
