<?xml version="1.0" encoding="UTF-8"?>
<!-- Generated by org.testng.reporters.JUnitReportReporter -->
<testsuite hostname="PF4WCFEW" failures="0" tests="1" name="tests.WebTableAssignment" time="14.363" errors="0" timestamp="2025-05-02T16:54:25 IST" skipped="0">
  <testcase classname="tests.WebTableAssignment" name="WebTableProcessing" time="14.363"/>
</testsuite> <!-- tests.WebTableAssignment -->
