<?xml version="1.0" encoding="UTF-8"?>
<!-- Generated by org.testng.reporters.JUnitReportReporter -->
<testsuite hostname="PF4WCFEW" failures="0" tests="1" name="tests.JavaScriptErrorLogging" time="8.125" errors="0" timestamp="2025-05-02T11:50:07 IST" skipped="0">
  <testcase classname="tests.JavaScriptErrorLogging" name="JavaScriptErrorlog" time="8.125"/>
</testsuite> <!-- tests.JavaScriptErrorLogging -->
