<?xml version="1.0" encoding="UTF-8"?>
<!-- Generated by org.testng.reporters.JUnitReportReporter -->
<testsuite hostname="PF4WCFEW" failures="0" tests="3" name="tests.ExcelReading" time="44.636" errors="0" timestamp="2025-04-30T19:02:32 IST" skipped="0">
  <testcase classname="tests.ExcelReading" name="testExcelData" time="14.588"/>
  <testcase classname="tests.ExcelReading" name="testExcelData" time="16.674"/>
  <testcase classname="tests.ExcelReading" name="testExcelData" time="13.374"/>
</testsuite> <!-- tests.ExcelReading -->
