<?xml version="1.0" encoding="UTF-8"?>
<!-- Generated by org.testng.reporters.JUnitReportReporter -->
<testsuite hostname="PF4WCFEW" failures="0" tests="1" name="tests.CheckboxAssignment" time="13.478" errors="0" timestamp="2025-05-02T12:22:59 IST" skipped="0">
  <testcase classname="tests.CheckboxAssignment" name="CheckboxTest" time="13.478"/>
</testsuite> <!-- tests.CheckboxAssignment -->
