<?xml version="1.0" encoding="UTF-8"?>
<!-- Generated by org.testng.reporters.JUnitReportReporter -->
<testsuite hostname="PF4WCFEW" failures="0" tests="3" name="tests.SubmitOrderTest" time="127.367" errors="0" timestamp="2025-04-17T12:14:48 IST" skipped="0">
  <testcase classname="tests.SubmitOrderTest" name="SubmitOrder" time="39.405"/>
  <testcase classname="tests.SubmitOrderTest" name="SubmitOrder" time="39.073"/>
  <testcase classname="tests.SubmitOrderTest" name="OrderHistory" time="48.889"/>
</testsuite> <!-- tests.SubmitOrderTest -->
