<?xml version="1.0" encoding="UTF-8"?>
<!-- Generated by org.testng.reporters.JUnitReportReporter -->
<testsuite hostname="PF4WCFEW" failures="0" tests="3" name="tests.SubmitOrderTest" time="85.104" errors="0" timestamp="2025-04-24T12:14:04 IST" skipped="0">
  <testcase classname="tests.SubmitOrderTest" name="SubmitOrder" time="31.665"/>
  <testcase classname="tests.SubmitOrderTest" name="SubmitOrder" time="36.372"/>
  <testcase classname="tests.SubmitOrderTest" name="OrderHistory" time="17.067"/>
</testsuite> <!-- tests.SubmitOrderTest -->
